<?xml version="1.0" encoding="UTF-8"?>
<!-- Generated by org.testng.reporters.JUnitReportReporter -->
<testsuite hostname="SAYANTIKA" name="com.qa.testCases.BasePageTest" tests="3" failures="0" timestamp="24 Jun 2019 12:14:04 GMT" time="29.354" errors="0">
  <testcase name="validateLoginButtonTest" time="8.205" classname="com.qa.testCases.BasePageTest"/>
  <testcase name="validateLoginTest" time="13.390" classname="com.qa.testCases.BasePageTest"/>
  <testcase name="validateSignUpButtonTest" time="7.759" classname="com.qa.testCases.BasePageTest"/>
</testsuite> <!-- com.qa.testCases.BasePageTest -->
