<?xml version="1.0" encoding="UTF-8"?>
<!-- Generated by org.testng.reporters.JUnitReportReporter -->
<testsuite hostname="SAYANTIKA" name="com.qa.testCases.LoginPageTest" tests="3" failures="0" timestamp="24 Jun 2019 12:14:04 GMT" time="47.092" errors="0">
  <testcase name="loginTest" time="21.477" classname="com.qa.testCases.LoginPageTest"/>
  <testcase name="loginPageTitleTest" time="11.337" classname="com.qa.testCases.LoginPageTest"/>
  <testcase name="loginButtonTest" time="14.278" classname="com.qa.testCases.LoginPageTest"/>
</testsuite> <!-- com.qa.testCases.LoginPageTest -->
